Determining if the pthread_create exist failed with the following output:
Change Dir: /home/icubic/detectron/build/CMakeFiles/CMakeTmp

Run Build Command:"/usr/bin/make" "cmTC_51a02/fast"
make[1]: Entering directory '/home/icubic/detectron/build/CMakeFiles/CMakeTmp'
/usr/bin/make -f CMakeFiles/cmTC_51a02.dir/build.make CMakeFiles/cmTC_51a02.dir/build
make[2]: Entering directory '/home/icubic/detectron/build/CMakeFiles/CMakeTmp'
Building C object CMakeFiles/cmTC_51a02.dir/CheckSymbolExists.c.o
/usr/bin/cc     -o CMakeFiles/cmTC_51a02.dir/CheckSymbolExists.c.o   -c /home/icubic/detectron/build/CMakeFiles/CMakeTmp/CheckSymbolExists.c
Linking C executable cmTC_51a02
/usr/bin/cmake -E cmake_link_script CMakeFiles/cmTC_51a02.dir/link.txt --verbose=1
/usr/bin/cc       CMakeFiles/cmTC_51a02.dir/CheckSymbolExists.c.o  -o cmTC_51a02 -rdynamic 
CMakeFiles/cmTC_51a02.dir/CheckSymbolExists.c.o: In function `main':
CheckSymbolExists.c:(.text+0x16): undefined reference to `pthread_create'
collect2: error: ld returned 1 exit status
CMakeFiles/cmTC_51a02.dir/build.make:97: recipe for target 'cmTC_51a02' failed
make[2]: *** [cmTC_51a02] Error 1
make[2]: Leaving directory '/home/icubic/detectron/build/CMakeFiles/CMakeTmp'
Makefile:126: recipe for target 'cmTC_51a02/fast' failed
make[1]: *** [cmTC_51a02/fast] Error 2
make[1]: Leaving directory '/home/icubic/detectron/build/CMakeFiles/CMakeTmp'

File /home/icubic/detectron/build/CMakeFiles/CMakeTmp/CheckSymbolExists.c:
/* */
#include <pthread.h>

int main(int argc, char** argv)
{
  (void)argv;
#ifndef pthread_create
  return ((int*)(&pthread_create))[argc];
#else
  (void)argc;
  return 0;
#endif
}

Determining if the function pthread_create exists in the pthreads failed with the following output:
Change Dir: /home/icubic/detectron/build/CMakeFiles/CMakeTmp

Run Build Command:"/usr/bin/make" "cmTC_0bbad/fast"
make[1]: Entering directory '/home/icubic/detectron/build/CMakeFiles/CMakeTmp'
/usr/bin/make -f CMakeFiles/cmTC_0bbad.dir/build.make CMakeFiles/cmTC_0bbad.dir/build
make[2]: Entering directory '/home/icubic/detectron/build/CMakeFiles/CMakeTmp'
Building C object CMakeFiles/cmTC_0bbad.dir/CheckFunctionExists.c.o
/usr/bin/cc    -DCHECK_FUNCTION_EXISTS=pthread_create   -o CMakeFiles/cmTC_0bbad.dir/CheckFunctionExists.c.o   -c /usr/share/cmake-3.5/Modules/CheckFunctionExists.c
Linking C executable cmTC_0bbad
/usr/bin/cmake -E cmake_link_script CMakeFiles/cmTC_0bbad.dir/link.txt --verbose=1
/usr/bin/cc   -DCHECK_FUNCTION_EXISTS=pthread_create    CMakeFiles/cmTC_0bbad.dir/CheckFunctionExists.c.o  -o cmTC_0bbad -rdynamic -lpthreads 
/usr/bin/ld: cannot find -lpthreads
collect2: error: ld returned 1 exit status
CMakeFiles/cmTC_0bbad.dir/build.make:97: recipe for target 'cmTC_0bbad' failed
make[2]: *** [cmTC_0bbad] Error 1
make[2]: Leaving directory '/home/icubic/detectron/build/CMakeFiles/CMakeTmp'
Makefile:126: recipe for target 'cmTC_0bbad/fast' failed
make[1]: *** [cmTC_0bbad/fast] Error 2
make[1]: Leaving directory '/home/icubic/detectron/build/CMakeFiles/CMakeTmp'


